#
# A fatal error has been detected by the Java Runtime Environment:
#
#  EXCEPTION_ACCESS_VIOLATION (0xc0000005) at pc=0x00007ff835abe1b2, pid=7388, tid=11456
#
# JRE version: OpenJDK Runtime Environment (20.0.1+9) (build 20.0.1+9-29)
# Java VM: OpenJDK 64-Bit Server VM (20.0.1+9-29, mixed mode, sharing, tiered, compressed oops, compressed class ptrs, g1 gc, windows-amd64)
# Problematic frame:
# V  [jvm.dll+0x35e1b2]
#
# No core dump will be written. Minidumps are not enabled by default on client versions of Windows
#
# If you would like to submit a bug report, please visit:
#   https://bugreport.java.com/bugreport/crash.jsp
#

---------------  S U M M A R Y ------------

Command Line: -Dmaven.multiModuleProjectDirectory=C:\Users\Admin\desarollo_web\gestion_local\gestionBorrador -Djansi.passthrough=true -Dmaven.home=C:\Users\Admin\.m2\wrapper\dists\apache-maven-3.8.7-bin\1ktonn2lleg549uah6ngl1r74r\apache-maven-3.8.7 -Dclassworlds.conf=C:\Users\Admin\.m2\wrapper\dists\apache-maven-3.8.7-bin\1ktonn2lleg549uah6ngl1r74r\apache-maven-3.8.7\bin\m2.conf -Dmaven.ext.class.path=C:\Program Files\JetBrains\IntelliJ IDEA Community Edition 2023.1.1\plugins\maven\lib\maven-event-listener.jar -javaagent:C:\Program Files\JetBrains\IntelliJ IDEA Community Edition 2023.1.1\lib\idea_rt.jar=53246:C:\Program Files\JetBrains\IntelliJ IDEA Community Edition 2023.1.1\bin -Dfile.encoding=UTF-8 -Dsun.stdout.encoding=UTF-8 -Dsun.stderr.encoding=UTF-8 org.codehaus.classworlds.Launcher -Didea.version=2023.1.1 spring-boot:run

Host: Intel(R) Core(TM) i3-7100 CPU @ 3.90GHz, 4 cores, 3G,  Windows 10 , 64 bit Build 19041 (10.0.19041.2788)
Time: Fri May  5 16:44:13 2023 Hora estándar de Argentina elapsed time: 4.012308 seconds (0d 0h 0m 4s)

---------------  T H R E A D  ---------------

Current thread (0x000001cd1e858960):  WorkerThread "GC Thread#3" [stack: 0x000000b706400000,0x000000b706500000] [id=11456]

Stack: [0x000000b706400000,0x000000b706500000],  sp=0x000000b7064fdf80,  free space=1015k
Native frames: (J=compiled Java code, j=interpreted, Vv=VM code, C=native code)
V  [jvm.dll+0x35e1b2]
V  [jvm.dll+0x35a75e]
V  [jvm.dll+0x36c482]
V  [jvm.dll+0x6aa999]
V  [jvm.dll+0x31790a]
V  [jvm.dll+0x31725d]
V  [jvm.dll+0x3f19b5]
V  [jvm.dll+0x7f4ed6]
V  [jvm.dll+0x7fea61]
V  [jvm.dll+0x36ca1a]
V  [jvm.dll+0x36c8b4]
V  [jvm.dll+0x373eb4]
V  [jvm.dll+0x37402b]
V  [jvm.dll+0x8759c7]
V  [jvm.dll+0x7f4b56]
V  [jvm.dll+0x6ba5cb]
C  [ucrtbase.dll+0x21bb2]
C  [KERNEL32.DLL+0x17604]
C  [ntdll.dll+0x526a1]

JavaThread 0x000001cd7d0c3ca0 (nid = 4588) was being processed
Java frames: (J=compiled Java code, j=interpreted, Vv=VM code)
j  org.codehaus.plexus.util.xml.XmlReader.getXmlProlog(Ljava/io/BufferedInputStream;Ljava/lang/String;)Ljava/lang/String;+9
j  org.codehaus.plexus.util.xml.XmlReader.doRawStream(Ljava/io/InputStream;Z)V+27
j  org.codehaus.plexus.util.xml.XmlReader.<init>(Ljava/io/InputStream;Z)V+14
j  org.codehaus.plexus.util.xml.XmlReader.<init>(Ljava/io/InputStream;)V+3
j  org.codehaus.plexus.util.xml.XmlStreamReader.<init>(Ljava/io/InputStream;)V+2
j  org.codehaus.plexus.util.ReaderFactory.newXmlReader(Ljava/io/InputStream;)Lorg/codehaus/plexus/util/xml/XmlStreamReader;+5
j  org.apache.maven.model.io.DefaultModelReader.read(Ljava/io/InputStream;Ljava/util/Map;)Lorg/apache/maven/model/Model;+8
j  org.apache.maven.model.building.DefaultModelProcessor.read(Ljava/io/InputStream;Ljava/util/Map;)Lorg/apache/maven/model/Model;+6
j  org.apache.maven.model.building.DefaultModelBuilder.readModel(Lorg/apache/maven/model/building/ModelSource;Ljava/io/File;Lorg/apache/maven/model/building/ModelBuildingRequest;Lorg/apache/maven/model/building/DefaultModelProblemCollector;)Lorg/apache/maven/model/Model;+140
j  org.apache.maven.model.building.DefaultModelBuilder.build(Lorg/apache/maven/model/building/ModelBuildingRequest;Ljava/util/Collection;)Lorg/apache/maven/model/building/ModelBuildingResult;+170
j  org.apache.maven.model.building.DefaultModelBuilder.build(Lorg/apache/maven/model/building/ModelBuildingRequest;)Lorg/apache/maven/model/building/ModelBuildingResult;+9
j  org.apache.maven.repository.internal.DefaultArtifactDescriptorReader.loadPom(Lorg/eclipse/aether/RepositorySystemSession;Lorg/eclipse/aether/resolution/ArtifactDescriptorRequest;Lorg/eclipse/aether/resolution/ArtifactDescriptorResult;)Lorg/apache/maven/model/Model;+641
j  org.apache.maven.repository.internal.DefaultArtifactDescriptorReader.readArtifactDescriptor(Lorg/eclipse/aether/RepositorySystemSession;Lorg/eclipse/aether/resolution/ArtifactDescriptorRequest;)Lorg/eclipse/aether/resolution/ArtifactDescriptorResult;+13
j  org.eclipse.aether.internal.impl.collect.DefaultDependencyCollector.resolveCachedArtifactDescriptor(Lorg/eclipse/aether/internal/impl/collect/DataPool;Lorg/eclipse/aether/resolution/ArtifactDescriptorRequest;Lorg/eclipse/aether/RepositorySystemSession;Lorg/eclipse/aether/graph/Dependency;Lorg/eclipse/aether/internal/impl/collect/DefaultDependencyCollector$Results;Lorg/eclipse/aether/internal/impl/collect/DefaultDependencyCollector$Args;)Lorg/eclipse/aether/resolution/ArtifactDescriptorResult;+27
j  org.eclipse.aether.internal.impl.collect.DefaultDependencyCollector.getArtifactDescriptorResult(Lorg/eclipse/aether/internal/impl/collect/DefaultDependencyCollector$Args;Lorg/eclipse/aether/internal/impl/collect/DefaultDependencyCollector$Results;ZLorg/eclipse/aether/graph/Dependency;Lorg/eclipse/aether/resolution/ArtifactDescriptorRequest;)Lorg/eclipse/aether/resolution/ArtifactDescriptorResult;+31
j  org.eclipse.aether.internal.impl.collect.DefaultDependencyCollector.processDependency(Lorg/eclipse/aether/internal/impl/collect/DefaultDependencyCollector$Args;Lorg/eclipse/aether/internal/impl/collect/DefaultDependencyCollector$Results;Ljava/util/List;Lorg/eclipse/aether/collection/DependencySelector;Lorg/eclipse/aether/collection/DependencyManager;Lorg/eclipse/aether/collection/DependencyTraverser;Lorg/eclipse/aether/collection/VersionFilter;Lorg/eclipse/aether/graph/Dependency;Ljava/util/List;Z)V+214
j  org.eclipse.aether.internal.impl.collect.DefaultDependencyCollector.processDependency(Lorg/eclipse/aether/internal/impl/collect/DefaultDependencyCollector$Args;Lorg/eclipse/aether/internal/impl/collect/DefaultDependencyCollector$Results;Ljava/util/List;Lorg/eclipse/aether/collection/DependencySelector;Lorg/eclipse/aether/collection/DependencyManager;Lorg/eclipse/aether/collection/DependencyTraverser;Lorg/eclipse/aether/collection/VersionFilter;Lorg/eclipse/aether/graph/Dependency;)V+26
j  org.eclipse.aether.internal.impl.collect.DefaultDependencyCollector.process(Lorg/eclipse/aether/internal/impl/collect/DefaultDependencyCollector$Args;Lorg/eclipse/aether/internal/impl/collect/DefaultDependencyCollector$Results;Ljava/util/List;Ljava/util/List;Lorg/eclipse/aether/collection/DependencySelector;Lorg/eclipse/aether/collection/DependencyManager;Lorg/eclipse/aether/collection/DependencyTraverser;Lorg/eclipse/aether/collection/VersionFilter;)V+45
j  org.eclipse.aether.internal.impl.collect.DefaultDependencyCollector.collectDependencies(Lorg/eclipse/aether/RepositorySystemSession;Lorg/eclipse/aether/collection/CollectRequest;)Lorg/eclipse/aether/collection/CollectResult;+737
j  org.eclipse.aether.internal.impl.DefaultRepositorySystem.collectDependencies(Lorg/eclipse/aether/RepositorySystemSession;Lorg/eclipse/aether/collection/CollectRequest;)Lorg/eclipse/aether/collection/CollectResult;+11
j  org.apache.maven.project.DefaultProjectDependenciesResolver.resolve(Lorg/apache/maven/project/DependencyResolutionRequest;)Lorg/apache/maven/project/DependencyResolutionResult;+678
j  org.apache.maven.lifecycle.internal.LifecycleDependencyResolver.getDependencies(Lorg/apache/maven/project/MavenProject;Ljava/util/Collection;Ljava/util/Collection;Lorg/apache/maven/execution/MavenSession;ZLjava/util/Set;)Ljava/util/Set;+152
j  org.apache.maven.lifecycle.internal.LifecycleDependencyResolver.resolveProjectDependencies(Lorg/apache/maven/project/MavenProject;Ljava/util/Collection;Ljava/util/Collection;Lorg/apache/maven/execution/MavenSession;ZLjava/util/Set;)V+129
j  org.apache.maven.lifecycle.internal.MojoExecutor.ensureDependenciesAreResolved(Lorg/apache/maven/plugin/descriptor/MojoDescriptor;Lorg/apache/maven/execution/MavenSession;Lorg/apache/maven/lifecycle/internal/DependencyContext;)V+47
j  org.apache.maven.lifecycle.internal.MojoExecutor.doExecute(Lorg/apache/maven/execution/MavenSession;Lorg/apache/maven/plugin/MojoExecution;Lorg/apache/maven/lifecycle/internal/ProjectIndex;Lorg/apache/maven/lifecycle/internal/DependencyContext;)V+21
j  org.apache.maven.lifecycle.internal.MojoExecutor.execute(Lorg/apache/maven/execution/MavenSession;Lorg/apache/maven/plugin/MojoExecution;Lorg/apache/maven/lifecycle/internal/ProjectIndex;Lorg/apache/maven/lifecycle/internal/DependencyContext;)V+183
j  org.apache.maven.lifecycle.internal.MojoExecutor.execute(Lorg/apache/maven/execution/MavenSession;Lorg/apache/maven/plugin/MojoExecution;Lorg/apache/maven/lifecycle/internal/ProjectIndex;Lorg/apache/maven/lifecycle/internal/DependencyContext;Lorg/apache/maven/lifecycle/internal/PhaseRecorder;)V+6
j  org.apache.maven.lifecycle.internal.MojoExecutor.execute(Lorg/apache/maven/execution/MavenSession;Ljava/util/List;Lorg/apache/maven/lifecycle/internal/ProjectIndex;)V+60
j  org.apache.maven.lifecycle.internal.MojoExecutor.executeForkedExecutions(Lorg/apache/maven/plugin/MojoExecution;Lorg/apache/maven/execution/MavenSession;Lorg/apache/maven/lifecycle/internal/ProjectIndex;)Ljava/util/List;+242
j  org.apache.maven.lifecycle.internal.MojoExecutor.doExecute(Lorg/apache/maven/execution/MavenSession;Lorg/apache/maven/plugin/MojoExecution;Lorg/apache/maven/lifecycle/internal/ProjectIndex;Lorg/apache/maven/lifecycle/internal/DependencyContext;)V+10
j  org.apache.maven.lifecycle.internal.MojoExecutor.execute(Lorg/apache/maven/execution/MavenSession;Lorg/apache/maven/plugin/MojoExecution;Lorg/apache/maven/lifecycle/internal/ProjectIndex;Lorg/apache/maven/lifecycle/internal/DependencyContext;)V+183
j  org.apache.maven.lifecycle.internal.MojoExecutor.execute(Lorg/apache/maven/execution/MavenSession;Lorg/apache/maven/plugin/MojoExecution;Lorg/apache/maven/lifecycle/internal/ProjectIndex;Lorg/apache/maven/lifecycle/internal/DependencyContext;Lorg/apache/maven/lifecycle/internal/PhaseRecorder;)V+6
j  org.apache.maven.lifecycle.internal.MojoExecutor.execute(Lorg/apache/maven/execution/MavenSession;Ljava/util/List;Lorg/apache/maven/lifecycle/internal/ProjectIndex;)V+60
j  org.apache.maven.lifecycle.internal.LifecycleModuleBuilder.buildProject(Lorg/apache/maven/execution/MavenSession;Lorg/apache/maven/execution/MavenSession;Lorg/apache/maven/lifecycle/internal/ReactorContext;Lorg/apache/maven/project/MavenProject;Lorg/apache/maven/lifecycle/internal/TaskSegment;)V+179
j  org.apache.maven.lifecycle.internal.LifecycleModuleBuilder.buildProject(Lorg/apache/maven/execution/MavenSession;Lorg/apache/maven/lifecycle/internal/ReactorContext;Lorg/apache/maven/project/MavenProject;Lorg/apache/maven/lifecycle/internal/TaskSegment;)V+7
j  org.apache.maven.lifecycle.internal.builder.singlethreaded.SingleThreadedBuilder.build(Lorg/apache/maven/execution/MavenSession;Lorg/apache/maven/lifecycle/internal/ReactorContext;Lorg/apache/maven/lifecycle/internal/ProjectBuildList;Ljava/util/List;Lorg/apache/maven/lifecycle/internal/ReactorBuildStatus;)V+77
j  org.apache.maven.lifecycle.internal.LifecycleStarter.execute(Lorg/apache/maven/execution/MavenSession;)V+348
j  org.apache.maven.DefaultMaven.doExecute(Lorg/apache/maven/execution/MavenExecutionRequest;Lorg/apache/maven/execution/MavenSession;Lorg/apache/maven/execution/MavenExecutionResult;Lorg/eclipse/aether/DefaultRepositorySystemSession;)Lorg/apache/maven/execution/MavenExecutionResult;+418
j  org.apache.maven.DefaultMaven.doExecute(Lorg/apache/maven/execution/MavenExecutionRequest;)Lorg/apache/maven/execution/MavenExecutionResult;+98
j  org.apache.maven.DefaultMaven.execute(Lorg/apache/maven/execution/MavenExecutionRequest;)Lorg/apache/maven/execution/MavenExecutionResult;+2
j  org.apache.maven.cli.MavenCli.execute(Lorg/apache/maven/cli/CliRequest;)I+27
j  org.apache.maven.cli.MavenCli.doMain(Lorg/apache/maven/cli/CliRequest;)I+71
j  org.apache.maven.cli.MavenCli.main([Ljava/lang/String;Lorg/codehaus/plexus/classworlds/ClassWorld;)I+24
j  java.lang.invoke.DirectMethodHandle$Holder.invokeStatic(Ljava/lang/Object;Ljava/lang/Object;Ljava/lang/Object;)I+11 java.base@20.0.1
j  java.lang.invoke.LambdaForm$MH+0x000000080100b000.invoke(Ljava/lang/Object;Ljava/lang/Object;Ljava/lang/Object;Ljava/lang/Object;)Ljava/lang/Object;+54 java.base@20.0.1
j  java.lang.invoke.LambdaForm$MH+0x0000000801002800.invokeExact_MT(Ljava/lang/Object;Ljava/lang/Object;Ljava/lang/Object;Ljava/lang/Object;Ljava/lang/Object;)Ljava/lang/Object;+22 java.base@20.0.1
j  jdk.internal.reflect.DirectMethodHandleAccessor.invokeImpl(Ljava/lang/Object;[Ljava/lang/Object;)Ljava/lang/Object;+72 java.base@20.0.1
j  jdk.internal.reflect.DirectMethodHandleAccessor.invoke(Ljava/lang/Object;[Ljava/lang/Object;)Ljava/lang/Object;+23 java.base@20.0.1
j  java.lang.reflect.Method.invoke(Ljava/lang/Object;[Ljava/lang/Object;)Ljava/lang/Object;+102 java.base@20.0.1
j  org.codehaus.plexus.classworlds.launcher.Launcher.launchEnhanced([Ljava/lang/String;)V+45
j  org.codehaus.plexus.classworlds.launcher.Launcher.launch([Ljava/lang/String;)V+2
j  org.codehaus.plexus.classworlds.launcher.Launcher.mainWithExitCode([Ljava/lang/String;)I+101
j  org.codehaus.plexus.classworlds.launcher.Launcher.main([Ljava/lang/String;)V+1
j  org.codehaus.classworlds.Launcher.main([Ljava/lang/String;)V+1
v  ~StubRoutines::call_stub 0x000001cd0f52100d

siginfo: EXCEPTION_ACCESS_VIOLATION (0xc0000005), reading address 0x00000e5329fdba16


Registers:
RAX=0x0000000000000c52, RBX=0x000001cd1f0b2d90, RCX=0x0000000000000014, RDX=0x00000000000000ff
RSP=0x000000b7064fdf80, RBP=0x00000000000009c0, RSI=0x000001cd7d0e36f0, RDI=0x00000000c5244e14
R8 =0x00000642d676e697, R9 =0x000001cd7d0fece8, R10=0x00000000c63e9738, R11=0x00007ff8668515c3
R12=0x000000000000001b, R13=0x000000b7064fe190, R14=0x0000000000000040, R15=0x0000000000000000
RIP=0x00007ff835abe1b2, EFLAGS=0x0000000000010202


Register to memory mapping:

RIP=0x00007ff835abe1b2 jvm.dll
RAX=0x0000000000000c52 is an unknown value
RBX=0x000001cd1f0b2d90 points into unknown readable memory: 0x00007ff8360e5aa0 | a0 5a 0e 36 f8 7f 00 00
RCX=0x0000000000000014 is an unknown value
RDX=0x00000000000000ff is an unknown value
RSP=0x000000b7064fdf80 points into unknown readable memory: 0x000001cd1f0b0000 | 00 00 0b 1f cd 01 00 00
RBP=0x00000000000009c0 is an unknown value
RSI=0x000001cd7d0e36f0 points into unknown readable memory: 0x0000000000000000 | 00 00 00 00 00 00 00 00
RDI=0x00000000c5244e14 is pointing into object: org.apache.maven.model.InputLocation 
{0x00000000c5244e00} - klass: 'org/apache/maven/model/InputLocation'
 - ---- fields (total size 4 words):
 - private 'lineNumber' 'I' @12  93 (0x0000005d)
 - private 'columnNumber' 'I' @16  21 (0x00000015)
 - private 'source' 'Lorg/apache/maven/model/InputSource;' @20  
[error occurred during error reporting (printing register info), id 0xc0000005, EXCEPTION_ACCESS_VIOLATION (0xc0000005) at pc=0x00007ff835e079ad]
Top of Stack: (sp=0x000000b7064fdf80)
0x000000b7064fdf80:   000001cd1f0b0000 0000000000000100
0x000000b7064fdf90:   000001cd00000000 0000000000000020
0x000000b7064fdfa0:   000000000000000a 000000b7064fe108
0x000000b7064fdfb0:   000001cd1ef19398 0000000000095555
0x000000b7064fdfc0:   0000000000000008 00007ff835aba75e
0x000000b7064fdfd0:   000000000000001b 000001cd1f0b2d90
0x000000b7064fdfe0:   000000b7064fe108 000000b7064fe190
0x000000b7064fdff0:   00000000025fbcfb 000000039d175009
0x000000b7064fe000:   0000000000095555 0000000000000008
0x000000b7064fe010:   000000b704efdce0 00007ff835acc482
0x000000b7064fe020:   0000000000000000 0000000000000001
0x000000b7064fe030:   000000b700000000 0000000000000030
0x000000b7064fe040:   0000000000000006 00007ff835e0a999
0x000000b7064fe050:   0000000000001000 0000000000095555
0x000000b7064fe060:   000000000000001b 000000b7064fe190
0x000000b7064fe070:   000001cd1e795f40 000001cd1ef19398
0x000000b7064fe080:   00000000000003d8 00007ff835a7790a
0x000000b7064fe090:   000000b7064fe190 0000000000000000
0x000000b7064fe0a0:   000001cd1ef19440 000000b7064fe370
0x000000b7064fe0b0:   0000001b00000001 000001cd1a76d6e8
0x000000b7064fe0c0:   000001cd1e858960 000001cd1e852800
0x000000b7064fe0d0:   00000000c4f0b4ec 00007ff835abb99f
0x000000b7064fe0e0:   00000000c4f0b4ec 000001cd1e5a47b0
0x000000b7064fe0f0:   000001cd1a76d613 00000000000000b9
0x000000b7064fe100:   000001cd1a76d6e8 00007ff8360dcd00
0x000000b7064fe110:   000000b7064fe370 000001cd1ef19398
0x000000b7064fe120:   000000050000000a 0000000000000009
0x000000b7064fe130:   0000000000000001 0000000000000000
0x000000b7064fe140:   0000000000000000 0000000000000000
0x000000b7064fe150:   0000000000000009 000001cd7d149e90
0x000000b7064fe160:   0000000000000000 0000000000000000
0x000000b7064fe170:   0000000000000000 000001cd1e795f40 

Instructions: (pc=0x00007ff835abe1b2)
0x00007ff835abe0b2:   3c 03 75 06 49 83 e0 fc eb 11 4d 8b c8 48 8b cb
0x00007ff835abe0c2:   4d 8b c2 e8 46 ed ff ff 4c 8b c0 8b 0d 05 4f 7e
0x00007ff835abe0d2:   00 49 8b d0 48 2b 15 f3 4e 7e 00 48 d3 ea 89 17
0x00007ff835abe0e2:   49 8b d0 8b 0d 95 30 85 00 48 33 d7 48 d3 ea 48
0x00007ff835abe0f2:   85 d2 0f 84 c6 fe ff ff 48 8b 43 08 8b 88 d0 05
0x00007ff835abe102:   00 00 4c 8b 88 c0 05 00 00 e9 87 00 00 00 40 f6
0x00007ff835abe112:   c7 03 0f 85 f1 00 00 00 48 8b 43 08 4c 8b 17 49
0x00007ff835abe122:   8b d2 8b 88 d0 05 00 00 48 8b 80 c0 05 00 00 48
0x00007ff835abe132:   d3 ea 0f b7 14 50 0f b7 c2 66 c1 e8 08 84 c0 0f
0x00007ff835abe142:   88 79 fe ff ff 4d 8b 02 41 0f b6 c0 24 03 3c 03
0x00007ff835abe152:   75 06 49 83 e0 fc eb 11 4d 8b c8 48 8b cb 4d 8b
0x00007ff835abe162:   c2 e8 a8 ec ff ff 4c 8b c0 49 8b d0 4c 89 07 8b
0x00007ff835abe172:   0d 09 30 85 00 48 33 d7 48 d3 ea 48 85 d2 0f 84
0x00007ff835abe182:   3a fe ff ff 48 8b 53 08 8b 8a d0 05 00 00 4c 8b
0x00007ff835abe192:   8a c0 05 00 00 48 8b c7 48 d3 e8 41 0f b7 14 41
0x00007ff835abe1a2:   66 c1 ea 08 80 fa fe 0f 84 11 fe ff ff 49 d3 e8
0x00007ff835abe1b2:   43 0f b7 0c 41 0f b7 c1 66 c1 e8 08 84 c0 0f 89
0x00007ff835abe1c2:   fa fd ff ff 84 c9 0f 84 f2 fd ff ff 48 8b 43 60
0x00007ff835abe1d2:   8b 0d 00 45 84 00 48 d3 ef 48 03 78 30 48 8b 50
0x00007ff835abe1e2:   28 48 2b fa 48 39 bb b0 01 00 00 0f 84 cd fd ff
0x00007ff835abe1f2:   ff 48 03 d7 48 8d 4b 18 e8 b1 46 00 00 48 89 bb
0x00007ff835abe202:   b0 01 00 00 e9 b5 fd ff ff 48 8d 57 fe 48 8b cb
0x00007ff835abe212:   e8 29 f1 ff ff e9 a4 fd ff ff 48 8b 44 24 50 48
0x00007ff835abe222:   89 86 00 01 00 00 8b 86 00 01 00 00 48 8b 43 10
0x00007ff835abe232:   4c 39 b8 b8 02 00 00 0f 85 51 fb ff ff 48 8b 5c
0x00007ff835abe242:   24 58 48 83 c4 20 41 5f 41 5e 5f 5e 5d c3 48 89
0x00007ff835abe252:   5c 24 08 48 89 74 24 10 57 48 83 ec 20 48 8d 05
0x00007ff835abe262:   c2 29 61 00 41 0f b6 d8 48 89 01 8b fa 48 8d 05
0x00007ff835abe272:   42 78 62 00 48 8b f1 48 89 41 08 e8 8e 90 01 00
0x00007ff835abe282:   89 46 10 48 8d 4e 20 48 8d 05 20 78 62 00 88 5e
0x00007ff835abe292:   18 44 0f b6 c3 48 89 06 8b d7 e8 cf 80 36 00 48
0x00007ff835abe2a2:   8d 4e 40 c7 46 38 00 00 00 00 e8 ef 81 36 00 48 


Stack slot to memory mapping:
stack at sp + 0 slots: 0x000001cd1f0b0000 points into unknown readable memory: 0x000001cd1e054b68 | 68 4b 05 1e cd 01 00 00
stack at sp + 1 slots: 0x0000000000000100 is an unknown value
stack at sp + 2 slots: 0x000001cd00000000 points into unknown readable memory: 0x00010000cafedada | da da fe ca 00 00 01 00
stack at sp + 3 slots: 0x0000000000000020 is an unknown value
stack at sp + 4 slots: 0x000000000000000a is an unknown value
stack at sp + 5 slots: 0x000000b7064fe108 points into unknown readable memory: 0x00007ff8360dcd00 | 00 cd 0d 36 f8 7f 00 00
stack at sp + 6 slots: 0x000001cd1ef19398 points into unknown readable memory: 0x00007ff8360e7948 | 48 79 0e 36 f8 7f 00 00
stack at sp + 7 slots: 0x0000000000095555 is an unknown value


---------------  P R O C E S S  ---------------

Threads class SMR info:
_java_thread_list=0x000001cd1e4c79b0, length=13, elements={
0x000001cd7d0c3ca0, 0x000001cd7fafa850, 0x000001cd7faff3a0, 0x000001cd7fb00160,
0x000001cd7fb03fd0, 0x000001cd7fb04910, 0x000001cd7fb05250, 0x000001cd7fb0e3f0,
0x000001cd7fb16d80, 0x000001cd7fbcd800, 0x000001cd1e174a50, 0x000001cd1e176fb0,
0x000001cd1e2fef60
}

Java Threads: ( => current thread )
  0x000001cd7d0c3ca0 JavaThread "main" [_thread_blocked, id=4588, stack(0x000000b704e00000,0x000000b704f00000)]
  0x000001cd7fafa850 JavaThread "Reference Handler" daemon [_thread_blocked, id=4436, stack(0x000000b705500000,0x000000b705600000)]
  0x000001cd7faff3a0 JavaThread "Finalizer" daemon [_thread_blocked, id=3800, stack(0x000000b705600000,0x000000b705700000)]
  0x000001cd7fb00160 JavaThread "Signal Dispatcher" daemon [_thread_blocked, id=8504, stack(0x000000b705700000,0x000000b705800000)]
  0x000001cd7fb03fd0 JavaThread "Attach Listener" daemon [_thread_blocked, id=10296, stack(0x000000b705800000,0x000000b705900000)]
  0x000001cd7fb04910 JavaThread "Service Thread" daemon [_thread_blocked, id=9612, stack(0x000000b705900000,0x000000b705a00000)]
  0x000001cd7fb05250 JavaThread "Monitor Deflation Thread" daemon [_thread_blocked, id=6208, stack(0x000000b705a00000,0x000000b705b00000)]
  0x000001cd7fb0e3f0 JavaThread "C2 CompilerThread0" daemon [_thread_blocked, id=8740, stack(0x000000b705b00000,0x000000b705c00000)]
  0x000001cd7fb16d80 JavaThread "C1 CompilerThread0" daemon [_thread_blocked, id=1544, stack(0x000000b705c00000,0x000000b705d00000)]
  0x000001cd7fbcd800 JavaThread "Common-Cleaner" daemon [_thread_blocked, id=10596, stack(0x000000b705d00000,0x000000b705e00000)]
  0x000001cd1e174a50 JavaThread "Monitor Ctrl-Break" daemon [_thread_in_native, id=2680, stack(0x000000b705e00000,0x000000b705f00000)]
  0x000001cd1e176fb0 JavaThread "Notification Thread" daemon [_thread_blocked, id=3260, stack(0x000000b705f00000,0x000000b706000000)]
  0x000001cd1e2fef60 JavaThread "C2 CompilerThread1" daemon [_thread_in_native, id=1352, stack(0x000000b706100000,0x000000b706200000)]

Other Threads:
  0x000001cd7d17f550 VMThread "VM Thread" [stack: 0x000000b705400000,0x000000b705500000] [id=11712]
  0x000001cd1e16bec0 WatcherThread "VM Periodic Task Thread" [stack: 0x000000b706000000,0x000000b706100000] [id=5264]
  0x000001cd7d08bd00 WorkerThread "GC Thread#0" [stack: 0x000000b704f00000,0x000000b705000000] [id=8756]
  0x000001cd1e6e3620 WorkerThread "GC Thread#1" [stack: 0x000000b706200000,0x000000b706300000] [id=3768]
  0x000001cd1e9715d0 WorkerThread "GC Thread#2" [stack: 0x000000b706300000,0x000000b706400000] [id=2944]
=>0x000001cd1e858960 WorkerThread "GC Thread#3" [stack: 0x000000b706400000,0x000000b706500000] [id=11456]
  0x000001cd7d106b40 ConcurrentGCThread "G1 Main Marker" [stack: 0x000000b705000000,0x000000b705100000] [id=6504]
  0x000001cd7d106f30 WorkerThread "G1 Conc#0" [stack: 0x000000b705100000,0x000000b705200000] [id=8060]
  0x000001cd7d15d730 ConcurrentGCThread "G1 Refine#0" [stack: 0x000000b705200000,0x000000b705300000] [id=9060]
  0x000001cd7d15df80 ConcurrentGCThread "G1 Service" [stack: 0x000000b705300000,0x000000b705400000] [id=8276]

Threads with active compile tasks:
C2 CompilerThread0     4080 3556   !   4       org.apache.maven.model.Plugin::clone (204 bytes)
C2 CompilerThread1     4080 3452   !   4       org.codehaus.plexus.interpolation.StringSearchInterpolator::interpolate (668 bytes)

VM state: at safepoint (normal execution)

VM Mutex/Monitor currently owned by a thread:  ([mutex/lock_event])
[0x000001cd7d0c1050] Threads_lock - owner thread: 0x000001cd7d17f550
[0x000001cd7d0c0ab0] Heap_lock - owner thread: 0x000001cd7d0c3ca0

Heap address: 0x00000000c4c00000, size: 948 MB, Compressed Oops mode: 32-bit

CDS archive(s) mapped at: [0x0000000800000000-0x0000000800c60000-0x0000000800c60000), size 12976128, SharedBaseAddress: 0x0000000800000000, ArchiveRelocationMode: 0.
Compressed class space mapped at: 0x0000000801000000-0x0000000841000000, reserved size: 1073741824
Narrow klass base: 0x0000000800000000, Narrow klass shift: 0, Narrow klass range: 0x100000000

GC Precious Log:
 CardTable entry size: 512
 Card Set container configuration: InlinePtr #cards 5 size 8 Array Of Cards #cards 12 size 40 Howl #buckets 4 coarsen threshold 1843 Howl Bitmap #cards 512 size 80 coarsen threshold 460 Card regions per heap region 1 cards per card region 2048
 CPUs: 4 total, 4 available
 Memory: 3785M
 Large Page Support: Disabled
 NUMA Support: Disabled
 Compressed Oops: Enabled (32-bit)
 Heap Region Size: 1M
 Heap Min Capacity: 8M
 Heap Initial Capacity: 60M
 Heap Max Capacity: 948M
 Pre-touch: Disabled
 Parallel Workers: 4
 Concurrent Workers: 1
 Concurrent Refinement Workers: 4
 Periodic GC: Disabled

Heap:
 garbage-first heap   total 61440K, used 42576K [0x00000000c4c00000, 0x0000000100000000)
  region size 1024K, 34 young (34816K), 3 survivors (3072K)
 Metaspace       used 14056K, committed 14336K, reserved 1114112K
  class space    used 1544K, committed 1664K, reserved 1048576K

Heap Regions: E=young(eden), S=young(survivor), O=old, HS=humongous(starts), HC=humongous(continues), CS=collection set, F=free, OA=open archive, CA=closed archive, TAMS=top-at-mark-start, PB=parsable bottom
|   0|0x00000000c4c00000, 0x00000000c4d00000, 0x00000000c4d00000|100%| O|  |TAMS 0x00000000c4c00000| PB 0x00000000c4c00000| Untracked 
|   1|0x00000000c4d00000, 0x00000000c4e00000, 0x00000000c4e00000|100%| O|  |TAMS 0x00000000c4d00000| PB 0x00000000c4d00000| Untracked 
|   2|0x00000000c4e00000, 0x00000000c4f00000, 0x00000000c4f00000|100%| O|  |TAMS 0x00000000c4e00000| PB 0x00000000c4e00000| Untracked 
|   3|0x00000000c4f00000, 0x00000000c5000000, 0x00000000c5000000|100%| O|  |TAMS 0x00000000c4f00000| PB 0x00000000c4f00000| Untracked 
|   4|0x00000000c5000000, 0x00000000c5100000, 0x00000000c5100000|100%| O|  |TAMS 0x00000000c5000000| PB 0x00000000c5000000| Untracked 
|   5|0x00000000c5100000, 0x00000000c5200000, 0x00000000c5200000|100%| O|  |TAMS 0x00000000c5100000| PB 0x00000000c5100000| Untracked 
|   6|0x00000000c5200000, 0x00000000c5300000, 0x00000000c5300000|100%| O|  |TAMS 0x00000000c5200000| PB 0x00000000c5200000| Untracked 
|   7|0x00000000c5300000, 0x00000000c5400000, 0x00000000c5400000|100%| O|  |TAMS 0x00000000c5300000| PB 0x00000000c5300000| Untracked 
|   8|0x00000000c5400000, 0x00000000c5500000, 0x00000000c5500000|100%| O|  |TAMS 0x00000000c5400000| PB 0x00000000c5400000| Untracked 
|   9|0x00000000c5500000, 0x00000000c5600000, 0x00000000c5600000|100%| O|  |TAMS 0x00000000c5500000| PB 0x00000000c5500000| Untracked 
|  10|0x00000000c5600000, 0x00000000c5700000, 0x00000000c5700000|100%| O|  |TAMS 0x00000000c5600000| PB 0x00000000c5600000| Untracked 
|  11|0x00000000c5700000, 0x00000000c5700000, 0x00000000c5800000|  0%| F|  |TAMS 0x00000000c5700000| PB 0x00000000c5700000| Untracked 
|  12|0x00000000c5800000, 0x00000000c5800000, 0x00000000c5900000|  0%| F|  |TAMS 0x00000000c5800000| PB 0x00000000c5800000| Untracked 
|  13|0x00000000c5900000, 0x00000000c5900000, 0x00000000c5a00000|  0%| F|  |TAMS 0x00000000c5900000| PB 0x00000000c5900000| Untracked 
|  14|0x00000000c5a00000, 0x00000000c5a00000, 0x00000000c5b00000|  0%| F|  |TAMS 0x00000000c5a00000| PB 0x00000000c5a00000| Untracked 
|  15|0x00000000c5b00000, 0x00000000c5b00000, 0x00000000c5c00000|  0%| F|  |TAMS 0x00000000c5b00000| PB 0x00000000c5b00000| Untracked 
|  16|0x00000000c5c00000, 0x00000000c5c00000, 0x00000000c5d00000|  0%| F|  |TAMS 0x00000000c5c00000| PB 0x00000000c5c00000| Untracked 
|  17|0x00000000c5d00000, 0x00000000c5d00000, 0x00000000c5e00000|  0%| F|  |TAMS 0x00000000c5d00000| PB 0x00000000c5d00000| Untracked 
|  18|0x00000000c5e00000, 0x00000000c5e00000, 0x00000000c5f00000|  0%| F|  |TAMS 0x00000000c5e00000| PB 0x00000000c5e00000| Untracked 
|  19|0x00000000c5f00000, 0x00000000c6000000, 0x00000000c6000000|100%| E|CS|TAMS 0x00000000c5f00000| PB 0x00000000c5f00000| Complete 
|  20|0x00000000c6000000, 0x00000000c6100000, 0x00000000c6100000|100%| E|CS|TAMS 0x00000000c6000000| PB 0x00000000c6000000| Complete 
|  21|0x00000000c6100000, 0x00000000c6200000, 0x00000000c6200000|100%| E|CS|TAMS 0x00000000c6100000| PB 0x00000000c6100000| Complete 
|  22|0x00000000c6200000, 0x00000000c6300000, 0x00000000c6300000|100%| E|CS|TAMS 0x00000000c6200000| PB 0x00000000c6200000| Complete 
|  23|0x00000000c6300000, 0x00000000c6400000, 0x00000000c6400000|100%| E|CS|TAMS 0x00000000c6300000| PB 0x00000000c6300000| Complete 
|  24|0x00000000c6400000, 0x00000000c6400000, 0x00000000c6500000|  0%| F|  |TAMS 0x00000000c6400000| PB 0x00000000c6400000| Untracked 
|  25|0x00000000c6500000, 0x00000000c6500000, 0x00000000c6600000|  0%| F|  |TAMS 0x00000000c6500000| PB 0x00000000c6500000| Untracked 
|  26|0x00000000c6600000, 0x00000000c66d7880, 0x00000000c6700000| 84%| S|  |TAMS 0x00000000c6600000| PB 0x00000000c6600000| Complete 
|  27|0x00000000c6700000, 0x00000000c6800000, 0x00000000c6800000|100%| S|  |TAMS 0x00000000c6700000| PB 0x00000000c6700000| Complete 
|  28|0x00000000c6800000, 0x00000000c6900000, 0x00000000c6900000|100%| S|  |TAMS 0x00000000c6800000| PB 0x00000000c6800000| Complete 
|  29|0x00000000c6900000, 0x00000000c6a00000, 0x00000000c6a00000|100%| E|CS|TAMS 0x00000000c6900000| PB 0x00000000c6900000| Complete 
|  30|0x00000000c6a00000, 0x00000000c6b00000, 0x00000000c6b00000|100%| E|CS|TAMS 0x00000000c6a00000| PB 0x00000000c6a00000| Complete 
|  31|0x00000000c6b00000, 0x00000000c6c00000, 0x00000000c6c00000|100%| E|CS|TAMS 0x00000000c6b00000| PB 0x00000000c6b00000| Complete 
|  32|0x00000000c6c00000, 0x00000000c6d00000, 0x00000000c6d00000|100%| E|CS|TAMS 0x00000000c6c00000| PB 0x00000000c6c00000| Complete 
|  33|0x00000000c6d00000, 0x00000000c6e00000, 0x00000000c6e00000|100%| E|CS|TAMS 0x00000000c6d00000| PB 0x00000000c6d00000| Complete 
|  34|0x00000000c6e00000, 0x00000000c6f00000, 0x00000000c6f00000|100%| E|CS|TAMS 0x00000000c6e00000| PB 0x00000000c6e00000| Complete 
|  35|0x00000000c6f00000, 0x00000000c7000000, 0x00000000c7000000|100%| E|CS|TAMS 0x00000000c6f00000| PB 0x00000000c6f00000| Complete 
|  36|0x00000000c7000000, 0x00000000c7100000, 0x00000000c7100000|100%| E|CS|TAMS 0x00000000c7000000| PB 0x00000000c7000000| Complete 
|  37|0x00000000c7100000, 0x00000000c7200000, 0x00000000c7200000|100%| E|CS|TAMS 0x00000000c7100000| PB 0x00000000c7100000| Complete 
|  38|0x00000000c7200000, 0x00000000c7300000, 0x00000000c7300000|100%| E|CS|TAMS 0x00000000c7200000| PB 0x00000000c7200000| Complete 
|  39|0x00000000c7300000, 0x00000000c7400000, 0x00000000c7400000|100%| E|CS|TAMS 0x00000000c7300000| PB 0x00000000c7300000| Complete 
|  40|0x00000000c7400000, 0x00000000c7500000, 0x00000000c7500000|100%| E|CS|TAMS 0x00000000c7400000| PB 0x00000000c7400000| Complete 
|  41|0x00000000c7500000, 0x00000000c7600000, 0x00000000c7600000|100%| E|CS|TAMS 0x00000000c7500000| PB 0x00000000c7500000| Complete 
|  42|0x00000000c7600000, 0x00000000c7700000, 0x00000000c7700000|100%| E|CS|TAMS 0x00000000c7600000| PB 0x00000000c7600000| Complete 
|  43|0x00000000c7700000, 0x00000000c7800000, 0x00000000c7800000|100%| E|CS|TAMS 0x00000000c7700000| PB 0x00000000c7700000| Complete 
|  44|0x00000000c7800000, 0x00000000c7900000, 0x00000000c7900000|100%| E|CS|TAMS 0x00000000c7800000| PB 0x00000000c7800000| Complete 
|  45|0x00000000c7900000, 0x00000000c7a00000, 0x00000000c7a00000|100%| E|CS|TAMS 0x00000000c7900000| PB 0x00000000c7900000| Complete 
|  46|0x00000000c7a00000, 0x00000000c7b00000, 0x00000000c7b00000|100%| E|CS|TAMS 0x00000000c7a00000| PB 0x00000000c7a00000| Complete 
|  47|0x00000000c7b00000, 0x00000000c7c00000, 0x00000000c7c00000|100%| E|CS|TAMS 0x00000000c7b00000| PB 0x00000000c7b00000| Complete 
|  48|0x00000000c7c00000, 0x00000000c7d00000, 0x00000000c7d00000|100%| E|CS|TAMS 0x00000000c7c00000| PB 0x00000000c7c00000| Complete 
|  49|0x00000000c7d00000, 0x00000000c7e00000, 0x00000000c7e00000|100%| E|CS|TAMS 0x00000000c7d00000| PB 0x00000000c7d00000| Complete 
|  50|0x00000000c7e00000, 0x00000000c7f00000, 0x00000000c7f00000|100%| E|CS|TAMS 0x00000000c7e00000| PB 0x00000000c7e00000| Complete 
|  51|0x00000000c7f00000, 0x00000000c8000000, 0x00000000c8000000|100%| E|CS|TAMS 0x00000000c7f00000| PB 0x00000000c7f00000| Complete 
|  52|0x00000000c8000000, 0x00000000c8100000, 0x00000000c8100000|100%| E|CS|TAMS 0x00000000c8000000| PB 0x00000000c8000000| Complete 
|  53|0x00000000c8100000, 0x00000000c8200000, 0x00000000c8200000|100%| E|CS|TAMS 0x00000000c8100000| PB 0x00000000c8100000| Complete 
|  54|0x00000000c8200000, 0x00000000c8300000, 0x00000000c8300000|100%| E|CS|TAMS 0x00000000c8200000| PB 0x00000000c8200000| Complete 
|  55|0x00000000c8300000, 0x00000000c8400000, 0x00000000c8400000|100%| E|CS|TAMS 0x00000000c8300000| PB 0x00000000c8300000| Complete 
|  56|0x00000000c8400000, 0x00000000c8500000, 0x00000000c8500000|100%| E|CS|TAMS 0x00000000c8400000| PB 0x00000000c8400000| Complete 
|  57|0x00000000c8500000, 0x00000000c8600000, 0x00000000c8600000|100%| E|CS|TAMS 0x00000000c8500000| PB 0x00000000c8500000| Complete 
|  58|0x00000000c8600000, 0x00000000c8700000, 0x00000000c8700000|100%| E|CS|TAMS 0x00000000c8600000| PB 0x00000000c8600000| Complete 
|  59|0x00000000c8700000, 0x00000000c8800000, 0x00000000c8800000|100%| E|CS|TAMS 0x00000000c8700000| PB 0x00000000c8700000| Complete 

Card table byte_map: [0x000001cd7f1d0000,0x000001cd7f3b0000] _byte_map_base: 0x000001cd7ebaa000

Marking Bits: (CMBitMap*) 0x000001cd7d08bfe0
 Bits: [0x000001cd16ff0000, 0x000001cd17ec0000)

Polling page: 0x000001cd7cf20000

Metaspace:

Usage:
  Non-class:     12.22 MB used.
      Class:      1.51 MB used.
       Both:     13.73 MB used.

Virtual space:
  Non-class space:       64.00 MB reserved,      12.38 MB ( 19%) committed,  1 nodes.
      Class space:        1.00 GB reserved,       1.62 MB ( <1%) committed,  1 nodes.
             Both:        1.06 GB reserved,      14.00 MB (  1%) committed. 

Chunk freelists:
   Non-Class:  3.17 MB
       Class:  2.33 MB
        Both:  5.50 MB

MaxMetaspaceSize: unlimited
CompressedClassSpaceSize: 1.00 GB
Initial GC threshold: 21.00 MB
Current GC threshold: 21.00 MB
CDS: on
MetaspaceReclaimPolicy: balanced
 - commit_granule_bytes: 65536.
 - commit_granule_words: 8192.
 - virtual_space_node_default_size: 8388608.
 - enlarge_chunks_in_place: 1.
 - new_chunks_are_fully_committed: 0.
 - uncommit_free_chunks: 1.
 - use_allocation_guard: 0.


Internal statistics:

num_allocs_failed_limit: 0.
num_arena_births: 258.
num_arena_deaths: 0.
num_vsnodes_births: 2.
num_vsnodes_deaths: 0.
num_space_committed: 224.
num_space_uncommitted: 0.
num_chunks_returned_to_freelist: 0.
num_chunks_taken_from_freelist: 671.
num_chunk_merges: 0.
num_chunk_splits: 503.
num_chunks_enlarged: 405.
num_inconsistent_stats: 0.

CodeHeap 'non-profiled nmethods': size=120000Kb used=1724Kb max_used=1724Kb free=118275Kb
 bounds [0x000001cd0fac0000, 0x000001cd0fd30000, 0x000001cd16ff0000]
CodeHeap 'profiled nmethods': size=120000Kb used=6979Kb max_used=6979Kb free=113020Kb
 bounds [0x000001cd07ff0000, 0x000001cd086d0000, 0x000001cd0f520000]
CodeHeap 'non-nmethods': size=5760Kb used=1458Kb max_used=1514Kb free=4301Kb
 bounds [0x000001cd0f520000, 0x000001cd0f790000, 0x000001cd0fac0000]
 total_blobs=4054 nmethods=3564 adapters=400
 compilation: enabled
              stopped_count=0, restarted_count=0
 full_count=0

Compilation events (20 events):
Event: 3.963 Thread 0x000001cd7fb16d80 3558   !   3       java.lang.Class::getEnumConstantsShared (71 bytes)
Event: 3.969 Thread 0x000001cd7fb16d80 nmethod 3558 0x000001cd086b5590 code [0x000001cd086b5de0, 0x000001cd086bb3a0]
Event: 3.973 Thread 0x000001cd7fb16d80 3559       3       java.lang.System$2::getEnumConstantsShared (8 bytes)
Event: 3.973 Thread 0x000001cd7fb16d80 nmethod 3559 0x000001cd086be510 code [0x000001cd086be6a0, 0x000001cd086be8d0]
Event: 3.974 Thread 0x000001cd7fb16d80 3560       1       org.apache.maven.model.IssueManagement::setSystem (6 bytes)
Event: 3.974 Thread 0x000001cd7fb16d80 nmethod 3560 0x000001cd0fc6e290 code [0x000001cd0fc6e420, 0x000001cd0fc6e538]
Event: 3.975 Thread 0x000001cd7fb16d80 3561       3       org.apache.maven.model.interpolation.StringVisitorModelInterpolator$ModelVisitor::visit (84 bytes)
Event: 3.975 Thread 0x000001cd7fb16d80 nmethod 3561 0x000001cd086be990 code [0x000001cd086bec20, 0x000001cd086bfbf0]
Event: 3.976 Thread 0x000001cd7fb16d80 3562       3       org.eclipse.aether.artifact.AbstractArtifact::setVersion (40 bytes)
Event: 3.976 Thread 0x000001cd7fb16d80 nmethod 3562 0x000001cd086c0090 code [0x000001cd086c0260, 0x000001cd086c0618]
Event: 3.976 Thread 0x000001cd7fb16d80 3563       1       org.eclipse.aether.collection.DependencyManagement::getProperties (5 bytes)
Event: 3.977 Thread 0x000001cd7fb16d80 nmethod 3563 0x000001cd0fc6e590 code [0x000001cd0fc6e700, 0x000001cd0fc6e7c8]
Event: 3.977 Thread 0x000001cd7fb16d80 3564       1       org.eclipse.aether.collection.DependencyManagement::getScope (5 bytes)
Event: 3.977 Thread 0x000001cd7fb16d80 nmethod 3564 0x000001cd0fc6e890 code [0x000001cd0fc6ea00, 0x000001cd0fc6eac8]
Event: 3.977 Thread 0x000001cd7fb16d80 3565       1       org.eclipse.aether.collection.DependencyManagement::getOptional (5 bytes)
Event: 3.977 Thread 0x000001cd7fb16d80 nmethod 3565 0x000001cd0fc6eb90 code [0x000001cd0fc6ed00, 0x000001cd0fc6edc8]
Event: 3.977 Thread 0x000001cd7fb16d80 3566       1       org.eclipse.aether.collection.DependencyManagement::getExclusions (5 bytes)
Event: 3.977 Thread 0x000001cd7fb16d80 nmethod 3566 0x000001cd0fc6ee90 code [0x000001cd0fc6f000, 0x000001cd0fc6f0c8]
Event: 3.977 Thread 0x000001cd7fb16d80 3567       3       java.io.BufferedWriter::newLine (8 bytes)
Event: 3.977 Thread 0x000001cd7fb16d80 nmethod 3567 0x000001cd086c0810 code [0x000001cd086c09c0, 0x000001cd086c0d60]

GC Heap History (9 events):
Event: 1.391 GC heap before
{Heap before GC invocations=0 (full 0):
 garbage-first heap   total 61440K, used 13312K [0x00000000c4c00000, 0x0000000100000000)
  region size 1024K, 13 young (13312K), 0 survivors (0K)
 Metaspace       used 3771K, committed 3968K, reserved 1114112K
  class space    used 368K, committed 448K, reserved 1048576K
}
Event: 1.398 GC heap after
{Heap after GC invocations=1 (full 0):
 garbage-first heap   total 61440K, used 3744K [0x00000000c4c00000, 0x0000000100000000)
  region size 1024K, 2 young (2048K), 2 survivors (2048K)
 Metaspace       used 3771K, committed 3968K, reserved 1114112K
  class space    used 368K, committed 448K, reserved 1048576K
}
Event: 1.835 GC heap before
{Heap before GC invocations=1 (full 0):
 garbage-first heap   total 61440K, used 17056K [0x00000000c4c00000, 0x0000000100000000)
  region size 1024K, 15 young (15360K), 2 survivors (2048K)
 Metaspace       used 5724K, committed 5952K, reserved 1114112K
  class space    used 641K, committed 768K, reserved 1048576K
}
Event: 1.840 GC heap after
{Heap after GC invocations=2 (full 0):
 garbage-first heap   total 61440K, used 4472K [0x00000000c4c00000, 0x0000000100000000)
  region size 1024K, 1 young (1024K), 1 survivors (1024K)
 Metaspace       used 5724K, committed 5952K, reserved 1114112K
  class space    used 641K, committed 768K, reserved 1048576K
}
Event: 2.451 GC heap before
{Heap before GC invocations=2 (full 0):
 garbage-first heap   total 61440K, used 31096K [0x00000000c4c00000, 0x0000000100000000)
  region size 1024K, 27 young (27648K), 1 survivors (1024K)
 Metaspace       used 10349K, committed 10624K, reserved 1114112K
  class space    used 1228K, committed 1344K, reserved 1048576K
}
Event: 2.455 GC heap after
{Heap after GC invocations=3 (full 0):
 garbage-first heap   total 61440K, used 6211K [0x00000000c4c00000, 0x0000000100000000)
  region size 1024K, 3 young (3072K), 3 survivors (3072K)
 Metaspace       used 10349K, committed 10624K, reserved 1114112K
  class space    used 1228K, committed 1344K, reserved 1048576K
}
Event: 3.312 GC heap before
{Heap before GC invocations=3 (full 0):
 garbage-first heap   total 61440K, used 38979K [0x00000000c4c00000, 0x0000000100000000)
  region size 1024K, 36 young (36864K), 3 survivors (3072K)
 Metaspace       used 13635K, committed 13952K, reserved 1114112K
  class space    used 1533K, committed 1664K, reserved 1048576K
}
Event: 3.326 GC heap after
{Heap after GC invocations=4 (full 0):
 garbage-first heap   total 61440K, used 10832K [0x00000000c4c00000, 0x0000000100000000)
  region size 1024K, 5 young (5120K), 5 survivors (5120K)
 Metaspace       used 13635K, committed 13952K, reserved 1114112K
  class space    used 1533K, committed 1664K, reserved 1048576K
}
Event: 3.982 GC heap before
{Heap before GC invocations=4 (full 0):
 garbage-first heap   total 61440K, used 42576K [0x00000000c4c00000, 0x0000000100000000)
  region size 1024K, 36 young (36864K), 5 survivors (5120K)
 Metaspace       used 14056K, committed 14336K, reserved 1114112K
  class space    used 1544K, committed 1664K, reserved 1048576K
}

Dll operation events (12 events):
Event: 0.014 Loaded shared library C:\Users\Admin\.jdks\openjdk-20.0.1\bin\java.dll
Event: 0.022 Loaded shared library C:\Users\Admin\.jdks\openjdk-20.0.1\bin\jsvml.dll
Event: 0.075 Loaded shared library C:\Users\Admin\.jdks\openjdk-20.0.1\bin\zip.dll
Event: 0.077 Loaded shared library C:\Users\Admin\.jdks\openjdk-20.0.1\bin\instrument.dll
Event: 0.081 Loaded shared library C:\Users\Admin\.jdks\openjdk-20.0.1\bin\net.dll
Event: 0.083 Loaded shared library C:\Users\Admin\.jdks\openjdk-20.0.1\bin\nio.dll
Event: 0.087 Loaded shared library C:\Users\Admin\.jdks\openjdk-20.0.1\bin\zip.dll
Event: 0.101 Loaded shared library C:\Program Files\JetBrains\IntelliJ IDEA Community Edition 2023.1.1\bin\breakgen64.dll
Event: 0.109 Loaded shared library C:\Users\Admin\.jdks\openjdk-20.0.1\bin\extnet.dll
Event: 0.216 Loaded shared library C:\Users\Admin\.jdks\openjdk-20.0.1\bin\jimage.dll
Event: 1.085 Loaded shared library C:\Users\Admin\AppData\Local\Temp\jansi-2.4.0-eb3a98ea600718a5-jansi.dll
Event: 1.098 Loaded shared library C:\Users\Admin\.jdks\openjdk-20.0.1\bin\verify.dll

Deoptimization events (20 events):
Event: 3.476 Thread 0x000001cd7d0c3ca0 DEOPT PACKING pc=0x000001cd0fc2433c sp=0x000000b704efbff0
Event: 3.476 Thread 0x000001cd7d0c3ca0 DEOPT UNPACKING pc=0x000001cd0f589d22 sp=0x000000b704efbf90 mode 2
Event: 3.621 Thread 0x000001cd7d0c3ca0 Uncommon trap: trap_request=0xffffff45 fr.pc=0x000001cd0fb6e8a4 relative=0x0000000000000284
Event: 3.621 Thread 0x000001cd7d0c3ca0 Uncommon trap: reason=unstable_if action=reinterpret pc=0x000001cd0fb6e8a4 method=java.lang.String.regionMatches(ZILjava/lang/String;II)Z @ 21 c2
Event: 3.621 Thread 0x000001cd7d0c3ca0 DEOPT PACKING pc=0x000001cd0fb6e8a4 sp=0x000000b704efd060
Event: 3.621 Thread 0x000001cd7d0c3ca0 DEOPT UNPACKING pc=0x000001cd0f589d22 sp=0x000000b704efcff8 mode 2
Event: 3.664 Thread 0x000001cd7d0c3ca0 Uncommon trap: trap_request=0xffffff45 fr.pc=0x000001cd0fc19244 relative=0x0000000000002304
Event: 3.664 Thread 0x000001cd7d0c3ca0 Uncommon trap: reason=unstable_if action=reinterpret pc=0x000001cd0fc19244 method=org.codehaus.plexus.util.xml.pull.MXParser.parseAttribute()C @ 995 c2
Event: 3.664 Thread 0x000001cd7d0c3ca0 DEOPT PACKING pc=0x000001cd0fc19244 sp=0x000000b704efc480
Event: 3.664 Thread 0x000001cd7d0c3ca0 DEOPT UNPACKING pc=0x000001cd0f589d22 sp=0x000000b704efc408 mode 2
Event: 3.729 Thread 0x000001cd7d0c3ca0 Uncommon trap: trap_request=0xffffff45 fr.pc=0x000001cd0fc1ec64 relative=0x00000000000000c4
Event: 3.729 Thread 0x000001cd7d0c3ca0 Uncommon trap: reason=unstable_if action=reinterpret pc=0x000001cd0fc1ec64 method=org.apache.maven.model.io.xpp3.MavenXpp3Reader.nextTag(Lorg/codehaus/plexus/util/xml/pull/XmlPullParser;)I @ 9 c2
Event: 3.729 Thread 0x000001cd7d0c3ca0 DEOPT PACKING pc=0x000001cd0fc1ec64 sp=0x000000b704efce40
Event: 3.729 Thread 0x000001cd7d0c3ca0 DEOPT UNPACKING pc=0x000001cd0f589d22 sp=0x000000b704efcdd0 mode 2
Event: 3.795 Thread 0x000001cd7d0c3ca0 DEOPT PACKING pc=0x000001cd08446834 sp=0x000000b704efc960
Event: 3.795 Thread 0x000001cd7d0c3ca0 DEOPT UNPACKING pc=0x000001cd0f58a4c2 sp=0x000000b704efbeb8 mode 0
Event: 3.822 Thread 0x000001cd7d0c3ca0 DEOPT PACKING pc=0x000001cd080a07b1 sp=0x000000b704efcb90
Event: 3.822 Thread 0x000001cd7d0c3ca0 DEOPT UNPACKING pc=0x000001cd0f58a4c2 sp=0x000000b704efc090 mode 0
Event: 3.938 Thread 0x000001cd7d0c3ca0 DEOPT PACKING pc=0x000001cd080a732b sp=0x000000b704efce40
Event: 3.938 Thread 0x000001cd7d0c3ca0 DEOPT UNPACKING pc=0x000001cd0f58a4c2 sp=0x000000b704efc320 mode 0

Classes loaded (20 events):
Event: 2.847 Loading class java/lang/Short$ShortCache
Event: 2.847 Loading class java/lang/Short$ShortCache done
Event: 2.847 Loading class java/lang/Byte$ByteCache
Event: 2.847 Loading class java/lang/Byte$ByteCache done
Event: 2.854 Loading class sun/invoke/util/ValueConversions$1
Event: 2.854 Loading class sun/invoke/util/ValueConversions$1 done
Event: 2.855 Loading class java/lang/invoke/BoundMethodHandle$Species_LI
Event: 2.855 Loading class java/lang/invoke/BoundMethodHandle$Species_LI done
Event: 3.197 Loading class java/util/LinkedList$ListItr
Event: 3.197 Loading class java/util/LinkedList$ListItr done
Event: 3.224 Loading class java/util/concurrent/locks/ReentrantReadWriteLock$NonfairSync
Event: 3.224 Loading class java/util/concurrent/locks/ReentrantReadWriteLock$Sync
Event: 3.225 Loading class java/util/concurrent/locks/ReentrantReadWriteLock$Sync done
Event: 3.225 Loading class java/util/concurrent/locks/ReentrantReadWriteLock$NonfairSync done
Event: 3.225 Loading class java/util/concurrent/locks/ReentrantReadWriteLock$Sync$ThreadLocalHoldCounter
Event: 3.225 Loading class java/util/concurrent/locks/ReentrantReadWriteLock$Sync$ThreadLocalHoldCounter done
Event: 3.225 Loading class java/util/concurrent/locks/ReentrantReadWriteLock$ReadLock
Event: 3.225 Loading class java/util/concurrent/locks/ReentrantReadWriteLock$ReadLock done
Event: 3.225 Loading class java/util/concurrent/locks/ReentrantReadWriteLock$WriteLock
Event: 3.225 Loading class java/util/concurrent/locks/ReentrantReadWriteLock$WriteLock done

Classes unloaded (0 events):
No events

Classes redefined (0 events):
No events

Internal exceptions (20 events):
Event: 2.505 Thread 0x000001cd7d0c3ca0 Exception <a 'java/lang/NoSuchMethodError'{0x00000000c86b9b80}: 'void java.lang.invoke.DirectMethodHandle$Holder.invokeStatic(java.lang.Object, java.lang.Object, int, java.lang.Object)'> (0x00000000c86b9b80) 
thrown [s\open\src\hotspot\share\interpreter\linkResolver.cpp, line 773]
Event: 2.506 Thread 0x000001cd7d0c3ca0 Exception <a 'java/lang/NoSuchMethodError'{0x00000000c86c15a0}: 'void java.lang.invoke.DelegatingMethodHandle$Holder.delegate(java.lang.Object, java.lang.Object, int, java.lang.Object)'> (0x00000000c86c15a0) 
thrown [s\open\src\hotspot\share\interpreter\linkResolver.cpp, line 773]
Event: 2.506 Thread 0x000001cd7d0c3ca0 Exception <a 'java/lang/NoSuchMethodError'{0x00000000c86c5b10}: 'int java.lang.invoke.DirectMethodHandle$Holder.invokeSpecial(java.lang.Object, java.lang.Object, java.lang.Object)'> (0x00000000c86c5b10) 
thrown [s\open\src\hotspot\share\interpreter\linkResolver.cpp, line 773]
Event: 2.535 Thread 0x000001cd7d0c3ca0 Exception <a 'java/lang/NoSuchMethodError'{0x00000000c840acc0}: 'java.lang.Object java.lang.invoke.DirectMethodHandle$Holder.newInvokeSpecial(java.lang.Object, java.lang.Object, java.lang.Object, java.lang.Object, java.lang.Object, java.lang.Object, java.lang.Object)'> (0x00000000c840acc0) 
thrown [s\open\src\hotspot\share\interpreter\linkResolver.cpp, line 773]
Event: 2.544 Thread 0x000001cd7d0c3ca0 Exception <a 'java/lang/NoSuchMethodError'{0x00000000c8443898}: 'java.lang.Object java.lang.invoke.DirectMethodHandle$Holder.newInvokeSpecial(java.lang.Object, java.lang.Object, java.lang.Object, java.lang.Object, java.lang.Object, java.lang.Object, java.lang.Object, java.lang.Object, java.lang.Object)'> (0x00000000c8443898) 
thrown [s\open\src\hotspot\share\interpreter\linkResolver.cpp, line 773]
Event: 2.566 Thread 0x000001cd7d0c3ca0 Exception <a 'java/lang/NoSuchMethodError'{0x00000000c84e4d00}: 'java.lang.Object java.lang.invoke.DirectMethodHandle$Holder.newInvokeSpecial(java.lang.Object, java.lang.Object, java.lang.Object, java.lang.Object, java.lang.Object, java.lang.Object, java.lang.Object, java.lang.Object, java.lang.Object, java.lang.Object, java.lang.Object, java.lang.Object)'> (0x00000000c84e4d00) 
thrown [s\open\src\hotspot\share\interpreter\linkResolver.cpp, line 773]
Event: 2.571 Thread 0x000001cd7d0c3ca0 Exception <a 'java/lang/NoSuchMethodError'{0x00000000c832a178}: 'java.lang.Object java.lang.invoke.DirectMethodHandle$Holder.invokeStatic(java.lang.Object, java.lang.Object, java.lang.Object, java.lang.Object, java.lang.Object, java.lang.Object, java.lang.Object, java.lang.Object, java.lang.Object, java.lang.Object, java.lang.Object, java.lang.Object, java.lang.Object)'> (0x00000000c832a178) 
thrown [s\open\src\hotspot\share\interpreter\linkResolver.cpp, line 773]
Event: 2.573 Thread 0x000001cd7d0c3ca0 Exception <a 'java/lang/NoSuchMethodError'{0x00000000c8348c78}: 'java.lang.Object java.lang.invoke.DirectMethodHandle$Holder.invokeStatic(java.lang.Object, java.lang.Object, java.lang.Object, java.lang.Object, java.lang.Object, java.lang.Object, java.lang.Object, java.lang.Object, java.lang.Object, java.lang.Object, java.lang.Object, java.lang.Object, java.lang.Object, java.lang.Object)'> (0x00000000c8348c78) 
thrown [s\open\src\hotspot\share\interpreter\linkResolver.cpp, line 773]
Event: 2.576 Thread 0x000001cd7d0c3ca0 Exception <a 'java/lang/NoSuchMethodError'{0x00000000c8369b80}: 'java.lang.Object java.lang.invoke.DirectMethodHandle$Holder.invokeStatic(java.lang.Object, java.lang.Object, java.lang.Object, java.lang.Object, java.lang.Object, java.lang.Object, java.lang.Object, java.lang.Object, java.lang.Object, java.lang.Object, java.lang.Object, java.lang.Object, java.lang.Object, java.lang.Object, java.lang.Object)'> (0x00000000c8369b80) 
thrown [s\open\src\hotspot\share\interpreter\linkResolver.cpp, line 773]
Event: 2.604 Thread 0x000001cd7d0c3ca0 Exception <a 'java/lang/NoSuchMethodError'{0x00000000c83e14a8}: 'java.lang.Object java.lang.invoke.DirectMethodHandle$Holder.invokeStaticInit(java.lang.Object, int, int, int, int)'> (0x00000000c83e14a8) 
thrown [s\open\src\hotspot\share\interpreter\linkResolver.cpp, line 773]
Event: 2.710 Thread 0x000001cd7d0c3ca0 Implicit null exception at 0x000001cd0fb0f2e0 to 0x000001cd0fb0f804
Event: 2.710 Thread 0x000001cd7d0c3ca0 Implicit null exception at 0x000001cd0fb0a7e0 to 0x000001cd0fb0acfc
Event: 2.727 Thread 0x000001cd7d0c3ca0 Implicit null exception at 0x000001cd0fb7e532 to 0x000001cd0fb7e710
Event: 2.854 Thread 0x000001cd7d0c3ca0 Exception <a 'java/lang/NoSuchMethodError'{0x00000000c7b95568}: 'void java.lang.invoke.DirectMethodHandle$Holder.invokeVirtual(java.lang.Object, java.lang.Object, int)'> (0x00000000c7b95568) 
thrown [s\open\src\hotspot\share\interpreter\linkResolver.cpp, line 773]
Event: 2.854 Thread 0x000001cd7d0c3ca0 Exception <a 'java/lang/NoSuchMethodError'{0x00000000c7b996b0}: 'int java.lang.invoke.DirectMethodHandle$Holder.invokeSpecial(java.lang.Object, java.lang.Object, java.lang.Object, int)'> (0x00000000c7b996b0) 
thrown [s\open\src\hotspot\share\interpreter\linkResolver.cpp, line 773]
Event: 2.856 Thread 0x000001cd7d0c3ca0 Exception <a 'java/lang/NoSuchMethodError'{0x00000000c7ba97f0}: 'java.lang.Object java.lang.invoke.DirectMethodHandle$Holder.invokeStatic(java.lang.Object, java.lang.Object, java.lang.Object, java.lang.Object, int)'> (0x00000000c7ba97f0) 
thrown [s\open\src\hotspot\share\interpreter\linkResolver.cpp, line 773]
Event: 2.857 Thread 0x000001cd7d0c3ca0 Exception <a 'java/lang/NoSuchMethodError'{0x00000000c7bb4800}: 'void java.lang.invoke.DelegatingMethodHandle$Holder.reinvoke_L(java.lang.Object, java.lang.Object, int)'> (0x00000000c7bb4800) 
thrown [s\open\src\hotspot\share\interpreter\linkResolver.cpp, line 773]
Event: 3.302 Thread 0x000001cd7d0c3ca0 Implicit null exception at 0x000001cd0fbc37f5 to 0x000001cd0fbc4ea0
Event: 3.302 Thread 0x000001cd7d0c3ca0 Implicit null exception at 0x000001cd0fb59400 to 0x000001cd0fb595a8
Event: 3.302 Thread 0x000001cd7d0c3ca0 Implicit null exception at 0x000001cd0fafc5c6 to 0x000001cd0fafc662

VM Operations (20 events):
Event: 2.623 Executing VM operation: HandshakeAllThreads done
Event: 2.651 Executing VM operation: HandshakeAllThreads
Event: 2.651 Executing VM operation: HandshakeAllThreads done
Event: 2.685 Executing VM operation: HandshakeAllThreads
Event: 2.685 Executing VM operation: HandshakeAllThreads done
Event: 2.687 Executing VM operation: HandshakeAllThreads
Event: 2.687 Executing VM operation: HandshakeAllThreads done
Event: 2.782 Executing VM operation: ICBufferFull
Event: 2.782 Executing VM operation: ICBufferFull done
Event: 3.225 Executing VM operation: HandshakeAllThreads
Event: 3.225 Executing VM operation: HandshakeAllThreads done
Event: 3.225 Executing VM operation: HandshakeAllThreads
Event: 3.225 Executing VM operation: HandshakeAllThreads done
Event: 3.247 Executing VM operation: ICBufferFull
Event: 3.247 Executing VM operation: ICBufferFull done
Event: 3.312 Executing VM operation: G1CollectForAllocation
Event: 3.326 Executing VM operation: G1CollectForAllocation done
Event: 3.816 Executing VM operation: ICBufferFull
Event: 3.816 Executing VM operation: ICBufferFull done
Event: 3.982 Executing VM operation: G1CollectForAllocation

Events (15 events):
Event: 0.022 Thread 0x000001cd7d0c3ca0 Thread added: 0x000001cd7d0c3ca0
Event: 0.033 Thread 0x000001cd7fafa850 Thread added: 0x000001cd7fafa850
Event: 0.033 Thread 0x000001cd7faff3a0 Thread added: 0x000001cd7faff3a0
Event: 0.034 Thread 0x000001cd7fb00160 Thread added: 0x000001cd7fb00160
Event: 0.034 Thread 0x000001cd7fb03fd0 Thread added: 0x000001cd7fb03fd0
Event: 0.034 Thread 0x000001cd7fb04910 Thread added: 0x000001cd7fb04910
Event: 0.034 Thread 0x000001cd7fb05250 Thread added: 0x000001cd7fb05250
Event: 0.034 Thread 0x000001cd7fb0e3f0 Thread added: 0x000001cd7fb0e3f0
Event: 0.034 Thread 0x000001cd7fb16d80 Thread added: 0x000001cd7fb16d80
Event: 0.054 Thread 0x000001cd7fbcd800 Thread added: 0x000001cd7fbcd800
Event: 0.101 Thread 0x000001cd1e174a50 Thread added: 0x000001cd1e174a50
Event: 0.101 Thread 0x000001cd1e176fb0 Thread added: 0x000001cd1e176fb0
Event: 0.166 Thread 0x000001cd1e302890 Thread added: 0x000001cd1e302890
Event: 0.322 Thread 0x000001cd1e302890 Thread exited: 0x000001cd1e302890
Event: 1.241 Thread 0x000001cd1e2fef60 Thread added: 0x000001cd1e2fef60


Dynamic libraries:
0x00007ff6e64d0000 - 0x00007ff6e64de000 	C:\Users\Admin\.jdks\openjdk-20.0.1\bin\java.exe
0x00007ff871350000 - 0x00007ff871548000 	C:\Windows\SYSTEM32\ntdll.dll
0x00007ff86f920000 - 0x00007ff86f9df000 	C:\Windows\System32\KERNEL32.DLL
0x00007ff86ea60000 - 0x00007ff86ed3a000 	C:\Windows\System32\KERNELBASE.dll
0x00007ff86f250000 - 0x00007ff86f350000 	C:\Windows\System32\ucrtbase.dll
0x00007ff866850000 - 0x00007ff86686b000 	C:\Users\Admin\.jdks\openjdk-20.0.1\bin\VCRUNTIME140.dll
0x00007ff866610000 - 0x00007ff866627000 	C:\Users\Admin\.jdks\openjdk-20.0.1\bin\jli.dll
0x00007ff86f770000 - 0x00007ff86f90d000 	C:\Windows\System32\USER32.dll
0x00007ff857d60000 - 0x00007ff857ffa000 	C:\Windows\WinSxS\amd64_microsoft.windows.common-controls_6595b64144ccf1df_6.0.19041.1110_none_60b5254171f9507e\COMCTL32.dll
0x00007ff86f350000 - 0x00007ff86f372000 	C:\Windows\System32\win32u.dll
0x00007ff86ff50000 - 0x00007ff86ffee000 	C:\Windows\System32\msvcrt.dll
0x00007ff870e70000 - 0x00007ff870e9b000 	C:\Windows\System32\GDI32.dll
0x00007ff86eff0000 - 0x00007ff86f100000 	C:\Windows\System32\gdi32full.dll
0x00007ff86eea0000 - 0x00007ff86ef3d000 	C:\Windows\System32\msvcp_win.dll
0x00007ff870470000 - 0x00007ff8704a0000 	C:\Windows\System32\IMM32.DLL
0x00007ff86a110000 - 0x00007ff86a11c000 	C:\Users\Admin\.jdks\openjdk-20.0.1\bin\vcruntime140_1.dll
0x00007ff8522e0000 - 0x00007ff85236e000 	C:\Users\Admin\.jdks\openjdk-20.0.1\bin\msvcp140.dll
0x00007ff835760000 - 0x00007ff8363f7000 	C:\Users\Admin\.jdks\openjdk-20.0.1\bin\server\jvm.dll
0x00007ff86f9e0000 - 0x00007ff86fa8e000 	C:\Windows\System32\ADVAPI32.dll
0x00007ff870510000 - 0x00007ff8705ac000 	C:\Windows\System32\sechost.dll
0x00007ff8700b0000 - 0x00007ff8701d6000 	C:\Windows\System32\RPCRT4.dll
0x00007ff865e00000 - 0x00007ff865e09000 	C:\Windows\SYSTEM32\WSOCK32.dll
0x00007ff869800000 - 0x00007ff86980a000 	C:\Windows\SYSTEM32\VERSION.dll
0x00007ff852160000 - 0x00007ff852187000 	C:\Windows\SYSTEM32\WINMM.dll
0x00007ff8704a0000 - 0x00007ff87050b000 	C:\Windows\System32\WS2_32.dll
0x00007ff86c940000 - 0x00007ff86c952000 	C:\Windows\SYSTEM32\kernel.appcore.dll
0x00007ff8697c0000 - 0x00007ff8697ca000 	C:\Users\Admin\.jdks\openjdk-20.0.1\bin\jimage.dll
0x00007ff85c210000 - 0x00007ff85c3f4000 	C:\Windows\SYSTEM32\DBGHELP.DLL
0x00007ff85b290000 - 0x00007ff85b2c4000 	C:\Windows\SYSTEM32\dbgcore.DLL
0x00007ff86f1c0000 - 0x00007ff86f242000 	C:\Windows\System32\bcryptPrimitives.dll
0x00007ff866dc0000 - 0x00007ff866dce000 	C:\Users\Admin\.jdks\openjdk-20.0.1\bin\instrument.dll
0x00007ff865bd0000 - 0x00007ff865bf6000 	C:\Users\Admin\.jdks\openjdk-20.0.1\bin\java.dll
0x00007ff843de0000 - 0x00007ff843eb7000 	C:\Users\Admin\.jdks\openjdk-20.0.1\bin\jsvml.dll
0x00007ff870610000 - 0x00007ff870d54000 	C:\Windows\System32\SHELL32.dll
0x00007ff86cb40000 - 0x00007ff86d2d3000 	C:\Windows\SYSTEM32\windows.storage.dll
0x00007ff86f3b0000 - 0x00007ff86f704000 	C:\Windows\System32\combase.dll
0x00007ff86e3e0000 - 0x00007ff86e40e000 	C:\Windows\SYSTEM32\Wldp.dll
0x00007ff870000000 - 0x00007ff8700ad000 	C:\Windows\System32\SHCORE.dll
0x00007ff8705b0000 - 0x00007ff870605000 	C:\Windows\System32\shlwapi.dll
0x00007ff86e9a0000 - 0x00007ff86e9bf000 	C:\Windows\SYSTEM32\profapi.dll
0x00007ff865cd0000 - 0x00007ff865ce8000 	C:\Users\Admin\.jdks\openjdk-20.0.1\bin\zip.dll
0x00007ff8647c0000 - 0x00007ff8647d3000 	C:\Users\Admin\.jdks\openjdk-20.0.1\bin\net.dll
0x00007ff867f00000 - 0x00007ff86800a000 	C:\Windows\SYSTEM32\WINHTTP.dll
0x00007ff86e140000 - 0x00007ff86e1aa000 	C:\Windows\system32\mswsock.dll
0x00007ff8647a0000 - 0x00007ff8647b6000 	C:\Users\Admin\.jdks\openjdk-20.0.1\bin\nio.dll
0x00007ff864690000 - 0x00007ff8646aa000 	C:\Program Files\JetBrains\IntelliJ IDEA Community Edition 2023.1.1\bin\breakgen64.dll
0x00007ff866c70000 - 0x00007ff866c77000 	C:\Users\Admin\.jdks\openjdk-20.0.1\bin\extnet.dll
0x0000000069ac0000 - 0x0000000069ae4000 	C:\Users\Admin\AppData\Local\Temp\jansi-2.4.0-eb3a98ea600718a5-jansi.dll
0x00007ff866c10000 - 0x00007ff866c20000 	C:\Users\Admin\.jdks\openjdk-20.0.1\bin\verify.dll

dbghelp: loaded successfully - version: 4.0.5 - missing functions: none
symbol engine: initialized successfully - sym options: 0x614 - pdb path: .;C:\Users\Admin\.jdks\openjdk-20.0.1\bin;C:\Windows\SYSTEM32;C:\Windows\WinSxS\amd64_microsoft.windows.common-controls_6595b64144ccf1df_6.0.19041.1110_none_60b5254171f9507e;C:\Users\Admin\.jdks\openjdk-20.0.1\bin\server;C:\Program Files\JetBrains\IntelliJ IDEA Community Edition 2023.1.1\bin;C:\Users\Admin\AppData\Local\Temp

VM Arguments:
jvm_args: -Dmaven.multiModuleProjectDirectory=C:\Users\Admin\desarollo_web\gestion_local\gestionBorrador -Djansi.passthrough=true -Dmaven.home=C:\Users\Admin\.m2\wrapper\dists\apache-maven-3.8.7-bin\1ktonn2lleg549uah6ngl1r74r\apache-maven-3.8.7 -Dclassworlds.conf=C:\Users\Admin\.m2\wrapper\dists\apache-maven-3.8.7-bin\1ktonn2lleg549uah6ngl1r74r\apache-maven-3.8.7\bin\m2.conf -Dmaven.ext.class.path=C:\Program Files\JetBrains\IntelliJ IDEA Community Edition 2023.1.1\plugins\maven\lib\maven-event-listener.jar -javaagent:C:\Program Files\JetBrains\IntelliJ IDEA Community Edition 2023.1.1\lib\idea_rt.jar=53246:C:\Program Files\JetBrains\IntelliJ IDEA Community Edition 2023.1.1\bin -Dfile.encoding=UTF-8 -Dsun.stdout.encoding=UTF-8 -Dsun.stderr.encoding=UTF-8 
java_command: org.codehaus.classworlds.Launcher -Didea.version=2023.1.1 spring-boot:run
java_class_path (initial): C:\Users\Admin\.m2\wrapper\dists\apache-maven-3.8.7-bin\1ktonn2lleg549uah6ngl1r74r\apache-maven-3.8.7\boot\plexus-classworlds-2.6.0.jar;C:\Users\Admin\.m2\wrapper\dists\apache-maven-3.8.7-bin\1ktonn2lleg549uah6ngl1r74r\apache-maven-3.8.7\boot\plexus-classworlds.license
Launcher Type: SUN_STANDARD

[Global flags]
     intx CICompilerCount                          = 3                                         {product} {ergonomic}
     uint ConcGCThreads                            = 1                                         {product} {ergonomic}
     uint G1ConcRefinementThreads                  = 4                                         {product} {ergonomic}
   size_t G1HeapRegionSize                         = 1048576                                   {product} {ergonomic}
    uintx GCDrainStackTargetSize                   = 64                                        {product} {ergonomic}
   size_t InitialHeapSize                          = 62914560                                  {product} {ergonomic}
   size_t MarkStackSize                            = 4194304                                   {product} {ergonomic}
   size_t MaxHeapSize                              = 994050048                                 {product} {ergonomic}
   size_t MaxNewSize                               = 595591168                                 {product} {ergonomic}
   size_t MinHeapDeltaBytes                        = 1048576                                   {product} {ergonomic}
   size_t MinHeapSize                              = 8388608                                   {product} {ergonomic}
    uintx NonNMethodCodeHeapSize                   = 5832780                                {pd product} {ergonomic}
    uintx NonProfiledCodeHeapSize                  = 122912730                              {pd product} {ergonomic}
    uintx ProfiledCodeHeapSize                     = 122912730                              {pd product} {ergonomic}
    uintx ReservedCodeCacheSize                    = 251658240                              {pd product} {ergonomic}
     bool SegmentedCodeCache                       = true                                      {product} {ergonomic}
   size_t SoftMaxHeapSize                          = 994050048                              {manageable} {ergonomic}
     bool UseCompressedClassPointers               = true                           {product lp64_product} {ergonomic}
     bool UseCompressedOops                        = true                           {product lp64_product} {ergonomic}
     bool UseG1GC                                  = true                                      {product} {ergonomic}
     bool UseLargePagesIndividualAllocation        = false                                  {pd product} {ergonomic}

Logging:
Log output configuration:
 #0: stdout all=warning uptime,level,tags foldmultilines=false
 #1: stderr all=off uptime,level,tags foldmultilines=false

Environment Variables:
JAVA_HOME=C:\Users\Admin\.jdks\openjdk-20.0.1
PATH=C:\Program Files\Eclipse Adoptium\jre-8.0.352.8-hotspot\\bin;C:\Windows\system32;C:\Windows;C:\Windows\System32\Wbem;C:\Windows\System32\WindowsPowerShell\v1.0\;C:\Windows\System32\OpenSSH\;C:\Program Files\dotnet\;C:\Program Files\Git\cmd;C:\Users\Admin\AppData\Local\Microsoft\WindowsApps;
USERNAME=Admin
OS=Windows_NT
PROCESSOR_IDENTIFIER=Intel64 Family 6 Model 158 Stepping 9, GenuineIntel
TMP=C:\Users\Admin\AppData\Local\Temp
TEMP=C:\Users\Admin\AppData\Local\Temp




---------------  S Y S T E M  ---------------

OS:
 Windows 10 , 64 bit Build 19041 (10.0.19041.2788)
OS uptime: 1 days 23:39 hours

CPU: total 4 (initial active 4) (2 cores per cpu, 2 threads per core) family 6 model 158 stepping 9 microcode 0xb4, cx8, cmov, fxsr, ht, mmx, 3dnowpref, sse, sse2, sse3, ssse3, sse4.1, sse4.2, popcnt, lzcnt, tsc, tscinvbit, avx, avx2, aes, erms, clmul, bmi1, bmi2, adx, fma, vzeroupper, clflush, clflushopt, rdtscp, f16c

Memory: 4k page, system-wide physical 3785M (376M free)
TotalPageFile size 9459M (AvailPageFile size 2407M)
current process WorkingSet (physical memory assigned to process): 138M, peak: 138M
current process commit charge ("private bytes"): 179M, peak: 179M

vm_info: OpenJDK 64-Bit Server VM (20.0.1+9-29) for windows-amd64 JRE (20.0.1+9-29), built on 2023-03-07T13:56:11Z by "mach5one" with MS VC++ 17.1 (VS2022)

END.
